Performing C SOURCE FILE Test CMAKE_HAVE_LIBC_PTHREAD failed with the following output:
Change Dir: /mnt/c/Users/lijin/CLionProjects/MyCppImplement/cmake-build-debug/CMakeFiles/CMakeTmp

Run Build Command(s):/usr/bin/make cmTC_4a621/fast && /usr/bin/make -f CMakeFiles/cmTC_4a621.dir/build.make CMakeFiles/cmTC_4a621.dir/build
make[1]: Entering directory '/mnt/c/Users/lijin/CLionProjects/MyCppImplement/cmake-build-debug/CMakeFiles/CMakeTmp'
Building C object CMakeFiles/cmTC_4a621.dir/src.c.o
/usr/bin/cc   -O3 -g -DCMAKE_HAVE_LIBC_PTHREAD   -o CMakeFiles/cmTC_4a621.dir/src.c.o   -c /mnt/c/Users/lijin/CLionProjects/MyCppImplement/cmake-build-debug/CMakeFiles/CMakeTmp/src.c
Linking C executable cmTC_4a621
/usr/bin/cmake -E cmake_link_script CMakeFiles/cmTC_4a621.dir/link.txt --verbose=1
/usr/bin/cc  -O3 -g -DCMAKE_HAVE_LIBC_PTHREAD    -rdynamic CMakeFiles/cmTC_4a621.dir/src.c.o  -o cmTC_4a621 
/usr/bin/ld: CMakeFiles/cmTC_4a621.dir/src.c.o: in function `main':
/mnt/c/Users/lijin/CLionProjects/MyCppImplement/cmake-build-debug/CMakeFiles/CMakeTmp/src.c:11: undefined reference to `pthread_create'
/usr/bin/ld: /mnt/c/Users/lijin/CLionProjects/MyCppImplement/cmake-build-debug/CMakeFiles/CMakeTmp/src.c:12: undefined reference to `pthread_detach'
/usr/bin/ld: /mnt/c/Users/lijin/CLionProjects/MyCppImplement/cmake-build-debug/CMakeFiles/CMakeTmp/src.c:13: undefined reference to `pthread_join'
collect2: error: ld returned 1 exit status
make[1]: *** [CMakeFiles/cmTC_4a621.dir/build.make:87: cmTC_4a621] Error 1
make[1]: Leaving directory '/mnt/c/Users/lijin/CLionProjects/MyCppImplement/cmake-build-debug/CMakeFiles/CMakeTmp'
make: *** [Makefile:121: cmTC_4a621/fast] Error 2


Source file was:
#include <pthread.h>

void* test_func(void* data)
{
  return data;
}

int main(void)
{
  pthread_t thread;
  pthread_create(&thread, NULL, test_func, NULL);
  pthread_detach(thread);
  pthread_join(thread, NULL);
  pthread_atfork(NULL, NULL, NULL);
  pthread_exit(NULL);

  return 0;
}

Determining if the function pthread_create exists in the pthreads failed with the following output:
Change Dir: /mnt/c/Users/lijin/CLionProjects/MyCppImplement/cmake-build-debug/CMakeFiles/CMakeTmp

Run Build Command(s):/usr/bin/make cmTC_6c8e5/fast && /usr/bin/make -f CMakeFiles/cmTC_6c8e5.dir/build.make CMakeFiles/cmTC_6c8e5.dir/build
make[1]: Entering directory '/mnt/c/Users/lijin/CLionProjects/MyCppImplement/cmake-build-debug/CMakeFiles/CMakeTmp'
Building C object CMakeFiles/cmTC_6c8e5.dir/CheckFunctionExists.c.o
/usr/bin/cc   -O3 -g -DCHECK_FUNCTION_EXISTS=pthread_create   -o CMakeFiles/cmTC_6c8e5.dir/CheckFunctionExists.c.o   -c /usr/share/cmake-3.16/Modules/CheckFunctionExists.c
Linking C executable cmTC_6c8e5
/usr/bin/cmake -E cmake_link_script CMakeFiles/cmTC_6c8e5.dir/link.txt --verbose=1
/usr/bin/cc  -O3 -g -DCHECK_FUNCTION_EXISTS=pthread_create    -rdynamic CMakeFiles/cmTC_6c8e5.dir/CheckFunctionExists.c.o  -o cmTC_6c8e5  -lpthreads 
/usr/bin/ld: cannot find -lpthreads
collect2: error: ld returned 1 exit status
make[1]: *** [CMakeFiles/cmTC_6c8e5.dir/build.make:87: cmTC_6c8e5] Error 1
make[1]: Leaving directory '/mnt/c/Users/lijin/CLionProjects/MyCppImplement/cmake-build-debug/CMakeFiles/CMakeTmp'
make: *** [Makefile:121: cmTC_6c8e5/fast] Error 2



